[9868:9540:0524/104813:INFO:AppRunner.cpp(619)] Begin run process geeplayer
[9868:9540:0524/104813:INFO:AppRunner.cpp(623)] ProductName is GeePlayer1
[9868:9540:0524/104813:INFO:AppRunner.cpp(662)] apppluginbase version is 4.3.4.79
[9868:9540:0524/104813:INFO:UIlib.cpp(192)] quilib: version is 4.3.4.77
[9868:9540:0524/104813:INFO:serviceManager.cpp(687)] mainprocessisrunning key is set as 1
[9868:9540:0524/104813:INFO:serviceManager.cpp(800)] create local service plugin PluginServerStatePlugin
[9868:9540:0524/104813:INFO:serviceManager.cpp(857)] plugin PluginServerStatePlugin DoPluginInit
[9868:9540:0524/104813:INFO:serviceManager.cpp(1523)] repository parse over
[9868:9540:0524/104820:INFO:UIManager.cpp(372)] quilib:call set resouce path, path is c:\program files (x86)\geeplayer\2.5.31.3010\skin
[9868:9540:0524/104820:INFO:UIDlgBuilder.cpp(407)] quilib:create root control failed
[9868:9540:0524/104820:INFO:UIDlgBuilder.cpp(407)] quilib:create root control failed
[9868:9540:0524/104820:INFO:UIDlgBuilder.cpp(407)] quilib:create root control failed
[9868:9540:0524/104820:INFO:UIDlgBuilder.cpp(407)] quilib:create root control failed
[9868:9540:0524/104820:INFO:UIDlgBuilder.cpp(407)] quilib:create root control failed
[9868:9540:0524/104820:INFO:UIDlgBuilder.cpp(407)] quilib:create root control failed
[9868:9540:0524/104825:INFO:AppRunner.cpp(715)] loop exit geeplayer call main plugin DestoryPluginEntry
[9868:9540:0524/104825:INFO:IPlugin.cpp(117)] real plugin mainPlugin call DestroyPlugin
[9868:9540:0524/104825:INFO:IPlugin.cpp(374)] destruct plugin mainPlugin
[9868:9540:0524/104825:INFO:serviceManager.cpp(1608)] mainPlugin plugin had destroy by DestructPlugin
[9868:9540:0524/104825:INFO:serviceManager.cpp(2532)] DestructManager begin
[9868:9540:0524/104825:INFO:IPlugin.cpp(374)] destruct plugin PluginServerStatePlugin
[9868:9540:0524/104825:INFO:IPlugin.cpp(286)] real plugin PluginServerStatePlugin call DestroyPlugin
[9868:9540:0524/104825:INFO:serviceManager.cpp(1608)] PluginServerStatePlugin plugin had destroy by DestructPlugin
[9868:9540:0524/104825:INFO:serviceManager.cpp(2408)] DeleteLeftPlugins begin
[9868:9540:0524/104825:INFO:serviceManager.cpp(2470)] DeleteLeftPlugins end
[9868:9540:0524/104825:INFO:serviceManager.cpp(687)] mainprocessisrunning key is set as 0
[9868:9540:0524/104825:INFO:AppRunner.cpp(730)] close mutex of process geeplayer
[9868:9540:0524/104825:INFO:AppRunner.cpp(738)] run process geeplayer end
